2024-04-01 23:15:14,381 UTC DEBUG    test_playlists   Setup Class method
2024-04-01 23:15:14,396 UTC INFO     conftest         ---------- TEST 'test_get_user_playlists' STARTED.---------- 
2024-04-01 23:15:16,866 UTC DEBUG    helpers.rest_client  Status code 401 
2024-04-01 23:15:16,880 UTC DEBUG    helpers.rest_client  Response Content {
  "error": {
    "status": 401,
    "message": "The access token expired"
  }
} 
2024-04-01 23:15:16,893 UTC ERROR    helpers.rest_client  HTTP error: 401 Client Error: Unauthorized for url: https://api.spotify.com/v1/users/312vih3vepthrzoqcnalign7ub74/playlists
2024-04-01 23:15:17,289 UTC INFO     conftest         ----------  TEST'test_get_user_playlists' COMPLETED.---------- 
2024-04-01 23:15:17,296 UTC INFO     conftest         ---------- TEST 'test_create_playlist' STARTED.---------- 
2024-04-01 23:15:17,707 UTC DEBUG    helpers.rest_client  Status code 401 
2024-04-01 23:15:17,731 UTC DEBUG    helpers.rest_client  Response Content {
  "error": {
    "status": 401,
    "message": "The access token expired"
  }
} 
2024-04-01 23:15:17,752 UTC ERROR    helpers.rest_client  HTTP error: 401 Client Error: Unauthorized for url: https://api.spotify.com/v1/users/312vih3vepthrzoqcnalign7ub74/playlists
2024-04-01 23:15:17,793 UTC INFO     conftest         ----------  TEST'test_create_playlist' COMPLETED.---------- 
2024-04-01 23:15:19,348 UTC DEBUG    helpers.rest_client  Status code 401 
2024-04-01 23:15:19,374 UTC DEBUG    helpers.rest_client  Response Content {
  "error": {
    "status": 401,
    "message": "The access token expired"
  }
} 
2024-04-01 23:15:19,389 UTC ERROR    helpers.rest_client  HTTP error: 401 Client Error: Unauthorized for url: https://api.spotify.com/v1/users/312vih3vepthrzoqcnalign7ub74/playlists
2024-04-01 23:15:19,416 UTC DEBUG    conftest         Create playlist From Fixture
2024-04-01 23:15:20,993 UTC DEBUG    helpers.rest_client  Status code 401 
2024-04-01 23:15:21,006 UTC DEBUG    helpers.rest_client  Response Content {
  "error": {
    "status": 401,
    "message": "The access token expired"
  }
} 
2024-04-01 23:15:21,018 UTC ERROR    helpers.rest_client  HTTP error: 401 Client Error: Unauthorized for url: https://api.spotify.com/v1/users/312vih3vepthrzoqcnalign7ub74/playlists
2024-04-01 23:15:21,034 UTC INFO     conftest         ---------- TEST 'test_add_item_playlist' STARTED.---------- 
2024-04-01 23:15:21,054 UTC INFO     conftest         ----------  TEST'test_add_item_playlist' COMPLETED.---------- 
2024-04-01 23:15:21,061 UTC DEBUG    conftest         Create playlist From Fixture
2024-04-01 23:15:22,638 UTC DEBUG    helpers.rest_client  Status code 401 
2024-04-01 23:15:22,669 UTC DEBUG    helpers.rest_client  Response Content {
  "error": {
    "status": 401,
    "message": "The access token expired"
  }
} 
2024-04-01 23:15:22,683 UTC ERROR    helpers.rest_client  HTTP error: 401 Client Error: Unauthorized for url: https://api.spotify.com/v1/users/312vih3vepthrzoqcnalign7ub74/playlists
2024-04-01 23:15:22,699 UTC INFO     conftest         ---------- TEST 'test_remove_item_playlist' STARTED.---------- 
2024-04-01 23:15:22,711 UTC INFO     conftest         ----------  TEST'test_remove_item_playlist' COMPLETED.---------- 
