2024-04-01 23:05:37,596 UTC DEBUG    test_playlists   Setup Class method
2024-04-01 23:05:37,611 UTC INFO     conftest         ---------- TEST 'test_get_user_playlists' STARTED.---------- 
2024-04-01 23:05:38,708 UTC DEBUG    helpers.rest_client  Status code 401 
2024-04-01 23:05:38,725 UTC DEBUG    helpers.rest_client  Response Content {
  "error": {
    "status": 401,
    "message": "The access token expired"
  }
} 
2024-04-01 23:05:38,735 UTC ERROR    helpers.rest_client  HTTP error: 401 Client Error: Unauthorized for url: https://api.spotify.com/v1/users/312vih3vepthrzoqcnalign7ub74/playlists
2024-04-01 23:05:39,091 UTC INFO     conftest         ----------  TEST'test_get_user_playlists' COMPLETED.---------- 
2024-04-01 23:05:39,098 UTC INFO     conftest         ---------- TEST 'test_create_playlist' STARTED.---------- 
2024-04-01 23:05:39,372 UTC DEBUG    helpers.rest_client  Status code 401 
2024-04-01 23:05:39,385 UTC DEBUG    helpers.rest_client  Response Content {
  "error": {
    "status": 401,
    "message": "The access token expired"
  }
} 
2024-04-01 23:05:39,398 UTC ERROR    helpers.rest_client  HTTP error: 401 Client Error: Unauthorized for url: https://api.spotify.com/v1/users/312vih3vepthrzoqcnalign7ub74/playlists
2024-04-01 23:05:39,420 UTC INFO     conftest         ----------  TEST'test_create_playlist' COMPLETED.---------- 
2024-04-01 23:05:40,307 UTC DEBUG    helpers.rest_client  Status code 401 
2024-04-01 23:05:40,317 UTC DEBUG    helpers.rest_client  Response Content {
  "error": {
    "status": 401,
    "message": "The access token expired"
  }
} 
2024-04-01 23:05:40,347 UTC ERROR    helpers.rest_client  HTTP error: 401 Client Error: Unauthorized for url: https://api.spotify.com/v1/users/312vih3vepthrzoqcnalign7ub74/playlists
2024-04-01 23:05:40,382 UTC DEBUG    conftest         Create playlist From Fixture
2024-04-01 23:05:41,472 UTC DEBUG    helpers.rest_client  Status code 401 
2024-04-01 23:05:41,504 UTC DEBUG    helpers.rest_client  Response Content {
  "error": {
    "status": 401,
    "message": "The access token expired"
  }
} 
2024-04-01 23:05:41,520 UTC ERROR    helpers.rest_client  HTTP error: 401 Client Error: Unauthorized for url: https://api.spotify.com/v1/users/312vih3vepthrzoqcnalign7ub74/playlists
2024-04-01 23:05:41,532 UTC INFO     conftest         ---------- TEST 'test_add_item_playlist' STARTED.---------- 
2024-04-01 23:05:41,548 UTC INFO     conftest         ----------  TEST'test_add_item_playlist' COMPLETED.---------- 
2024-04-01 23:05:41,555 UTC DEBUG    conftest         Create playlist From Fixture
2024-04-01 23:05:42,458 UTC DEBUG    helpers.rest_client  Status code 401 
2024-04-01 23:05:42,482 UTC DEBUG    helpers.rest_client  Response Content {
  "error": {
    "status": 401,
    "message": "The access token expired"
  }
} 
2024-04-01 23:05:42,504 UTC ERROR    helpers.rest_client  HTTP error: 401 Client Error: Unauthorized for url: https://api.spotify.com/v1/users/312vih3vepthrzoqcnalign7ub74/playlists
2024-04-01 23:05:42,516 UTC INFO     conftest         ---------- TEST 'test_remove_item_playlist' STARTED.---------- 
2024-04-01 23:05:42,531 UTC INFO     conftest         ----------  TEST'test_remove_item_playlist' COMPLETED.---------- 
